# JRE version: Java(TM) SE Runtime Environment (17.0.8+9) (build 17.0.8+9-LTS-211)
# Java VM: Java HotSpot(TM) 64-Bit Server VM (17.0.8+9-LTS-211, mixed mode, sharing, tiered, compressed oops, compressed class ptrs, g1 gc, windows-amd64)
GC Precious Log:
 CPUs: 12 total, 12 available
 Memory: 16068M
 Large Page Support: Disabled
 NUMA Support: Disabled
 Compressed Oops: Enabled (Zero based)
 Heap Region Size: 2M
 Heap Min Capacity: 8M
 Heap Initial Capacity: 252M
 Heap Max Capacity: 4018M
 Pre-touch: Disabled
 Parallel Workers: 10
 Concurrent Workers: 3
 Concurrent Refinement Workers: 10
 Periodic GC: Disabled
Heap:
 garbage-first heap   total 122880K, used 62437K [0x0000000704e00000, 0x0000000800000000)
  region size 2048K, 2 young (4096K), 2 survivors (4096K)
 Metaspace       used 88422K, committed 89792K, reserved 1179648K
  class space    used 11140K, committed 11776K, reserved 1048576K
GC Heap History (20 events):
Event: 4941.110 GC heap after
{Heap after GC invocations=257 (full 28):
 garbage-first heap   total 116736K, used 66759K [0x0000000704e00000, 0x0000000800000000)
  region size 2048K, 1 young (2048K), 1 survivors (2048K)
 Metaspace       used 88032K, committed 89344K, reserved 1179648K
  class space    used 11104K, committed 11776K, reserved 1048576K
}
Event: 5059.526 GC heap before
{Heap before GC invocations=258 (full 28):
 garbage-first heap   total 122880K, used 68807K [0x0000000704e00000, 0x0000000800000000)
  region size 2048K, 4 young (8192K), 1 survivors (2048K)
 Metaspace       used 88032K, committed 89344K, reserved 1179648K
  class space    used 11104K, committed 11776K, reserved 1048576K
}
Event: 5059.573 GC heap after
{Heap after GC invocations=259 (full 29):
 garbage-first heap   total 122880K, used 30011K [0x0000000704e00000, 0x0000000800000000)
  region size 2048K, 0 young (0K), 0 survivors (0K)
 Metaspace       used 88032K, committed 89344K, reserved 1179648K
  class space    used 11104K, committed 11776K, reserved 1048576K
}
Event: 5059.876 GC heap before
{Heap before GC invocations=259 (full 29):
 garbage-first heap   total 122880K, used 66875K [0x0000000704e00000, 0x0000000800000000)
  region size 2048K, 19 young (38912K), 0 survivors (0K)
 Metaspace       used 88106K, committed 89408K, reserved 1179648K
  class space    used 11116K, committed 11776K, reserved 1048576K
}
Event: 5059.878 GC heap after
{Heap after GC invocations=260 (full 29):
 garbage-first heap   total 122880K, used 33174K [0x0000000704e00000, 0x0000000800000000)
  region size 2048K, 2 young (4096K), 2 survivors (4096K)
 Metaspace       used 88106K, committed 89408K, reserved 1179648K
  class space    used 11116K, committed 11776K, reserved 1048576K
}
Event: 5062.035 GC heap before
{Heap before GC invocations=261 (full 29):
 garbage-first heap   total 122880K, used 74134K [0x0000000704e00000, 0x0000000800000000)
  region size 2048K, 22 young (45056K), 2 survivors (4096K)
 Metaspace       used 88135K, committed 89408K, reserved 1179648K
  class space    used 11119K, committed 11776K, reserved 1048576K
}
Event: 5062.043 GC heap after
{Heap after GC invocations=262 (full 29):
 garbage-first heap   total 122880K, used 50467K [0x0000000704e00000, 0x0000000800000000)
  region size 2048K, 3 young (6144K), 3 survivors (6144K)
 Metaspace       used 88135K, committed 89408K, reserved 1179648K
  class space    used 11119K, committed 11776K, reserved 1048576K
}
Event: 5062.049 GC heap before
{Heap before GC invocations=262 (full 29):
 garbage-first heap   total 122880K, used 52515K [0x0000000704e00000, 0x0000000800000000)
  region size 2048K, 4 young (8192K), 3 survivors (6144K)
 Metaspace       used 88135K, committed 89408K, reserved 1179648K
  class space    used 11119K, committed 11776K, reserved 1048576K
}
Event: 5062.052 GC heap after
{Heap after GC invocations=263 (full 29):
 garbage-first heap   total 122880K, used 53110K [0x0000000704e00000, 0x0000000800000000)
  region size 2048K, 1 young (2048K), 1 survivors (2048K)
 Metaspace       used 88135K, committed 89408K, reserved 1179648K
  class space    used 11119K, committed 11776K, reserved 1048576K
}
Event: 5062.143 GC heap before
{Heap before GC invocations=263 (full 29):
 garbage-first heap   total 122880K, used 79734K [0x0000000704e00000, 0x0000000800000000)
  region size 2048K, 14 young (28672K), 1 survivors (2048K)
 Metaspace       used 88267K, committed 89536K, reserved 1179648K
  class space    used 11126K, committed 11776K, reserved 1048576K
}
Event: 5062.149 GC heap after
{Heap after GC invocations=264 (full 29):
 garbage-first heap   total 122880K, used 64629K [0x0000000704e00000, 0x0000000800000000)
  region size 2048K, 2 young (4096K), 2 survivors (4096K)
 Metaspace       used 88267K, committed 89536K, reserved 1179648K
  class space    used 11126K, committed 11776K, reserved 1048576K
}
Event: 5095.018 GC heap before
{Heap before GC invocations=265 (full 29):
 garbage-first heap   total 122880K, used 81013K [0x0000000704e00000, 0x0000000800000000)
  region size 2048K, 11 young (22528K), 2 survivors (4096K)
 Metaspace       used 88343K, committed 89664K, reserved 1179648K
  class space    used 11129K, committed 11776K, reserved 1048576K
}
Event: 5095.063 GC heap after
{Heap after GC invocations=266 (full 30):
 garbage-first heap   total 122880K, used 29673K [0x0000000704e00000, 0x0000000800000000)
  region size 2048K, 0 young (0K), 0 survivors (0K)
 Metaspace       used 88340K, committed 89664K, reserved 1179648K
  class space    used 11129K, committed 11776K, reserved 1048576K
}
Event: 5095.194 GC heap before
{Heap before GC invocations=266 (full 30):
 garbage-first heap   total 122880K, used 64489K [0x0000000704e00000, 0x0000000800000000)
  region size 2048K, 18 young (36864K), 0 survivors (0K)
 Metaspace       used 88400K, committed 89728K, reserved 1179648K
  class space    used 11138K, committed 11776K, reserved 1048576K
}
Event: 5095.197 GC heap after
{Heap after GC invocations=267 (full 30):
 garbage-first heap   total 122880K, used 32853K [0x0000000704e00000, 0x0000000800000000)
  region size 2048K, 2 young (4096K), 2 survivors (4096K)
 Metaspace       used 88400K, committed 89728K, reserved 1179648K
  class space    used 11138K, committed 11776K, reserved 1048576K
}
Event: 5097.228 GC heap before
{Heap before GC invocations=268 (full 30):
 garbage-first heap   total 122880K, used 69717K [0x0000000704e00000, 0x0000000800000000)
  region size 2048K, 20 young (40960K), 2 survivors (4096K)
 Metaspace       used 88422K, committed 89792K, reserved 1179648K
  class space    used 11140K, committed 11776K, reserved 1048576K
}
Event: 5097.235 GC heap after
{Heap after GC invocations=269 (full 30):
 garbage-first heap   total 122880K, used 47084K [0x0000000704e00000, 0x0000000800000000)
  region size 2048K, 3 young (6144K), 3 survivors (6144K)
 Metaspace       used 88422K, committed 89792K, reserved 1179648K
  class space    used 11140K, committed 11776K, reserved 1048576K
}
Event: 5097.249 GC heap before
{Heap before GC invocations=269 (full 30):
 garbage-first heap   total 122880K, used 49132K [0x0000000704e00000, 0x0000000800000000)
  region size 2048K, 4 young (8192K), 3 survivors (6144K)
 Metaspace       used 88422K, committed 89792K, reserved 1179648K
  class space    used 11140K, committed 11776K, reserved 1048576K
}
Event: 5097.252 GC heap after
{Heap after GC invocations=270 (full 30):
 garbage-first heap   total 122880K, used 49503K [0x0000000704e00000, 0x0000000800000000)
  region size 2048K, 1 young (2048K), 1 survivors (2048K)
 Metaspace       used 88422K, committed 89792K, reserved 1179648K
  class space    used 11140K, committed 11776K, reserved 1048576K
}
Event: 5097.337 GC heap before
{Heap before GC invocations=270 (full 30):
 garbage-first heap   total 122880K, used 76127K [0x0000000704e00000, 0x0000000800000000)
  region size 2048K, 14 young (28672K), 1 survivors (2048K)
 Metaspace       used 88422K, committed 89792K, reserved 1179648K
  class space    used 11140K, committed 11776K, reserved 1048576K
}

